#
# A fatal error has been detected by the Java Runtime Environment:
#
#  Internal Error (t:/workspace/src/hotspot/share/oops/generateOopMap.cpp:2162), pid=1668, tid=8436
#  fatal error: Illegal class file encountered. Try running with -Xverify:all in method getBackValue
#
# JRE version: OpenJDK Runtime Environment (10.0.2+13) (build 10.0.2+13)
# Java VM: OpenJDK 64-Bit Server VM (10.0.2+13, mixed mode, tiered, compressed oops, g1 gc, windows-amd64)
# No core dump will be written. Minidumps are not enabled by default on client versions of Windows
#
# If you would like to submit a bug report, please visit:
#   http://bugreport.java.com/bugreport/crash.jsp
#

---------------  S U M M A R Y ------------

Command Line: -agentlib:jdwp=transport=dt_socket,suspend=y,address=localhost:65356 -javaagent:C:\Users\Dell\eclipse\java-photon\eclipse\configuration\org.eclipse.osgi\237\0\.cp\lib\javaagent-shaded.jar -Dfile.encoding=Cp1252 com.scs.splitscreenchaos.ChaosMain

Host: Intel(R) Core(TM) i5-3340M CPU @ 2.70GHz, 4 cores, 7G,  Windows 10 , 64 bit Build 17763 (10.0.17763.1)
Time: Mon Jan 28 18:49:51 2019 GMT Standard Time elapsed time: 168 seconds (0d 0h 2m 48s)

---------------  T H R E A D  ---------------

Current thread (0x000001e0d382a000):  VMThread "VM Thread" [stack: 0x0000005c88800000,0x0000005c88900000] [id=8436]

Stack: [0x0000005c88800000,0x0000005c88900000]
[error occurred during error reporting (printing stack bounds), id 0xe0000000]

Native frames: (J=compiled Java code, j=interpreted, Vv=VM code, C=native code)
V  [jvm.dll+0x552089]
V  [jvm.dll+0x66b831]
V  [jvm.dll+0x66ca26]
V  [jvm.dll+0x66d015]
V  [jvm.dll+0x66cfcb]
V  [jvm.dll+0x551873]
V  [jvm.dll+0x551c88]
C  [ntdll.dll+0xa467f]
C  [ntdll.dll+0x4bef]
C  [ntdll.dll+0xa33ee]
C  0x000001e0bd0b0bad

VM_Operation (0x0000005c891ff270): GetOrSetLocal, mode: safepoint, requested by thread 0x000001e0d4408000


---------------  P R O C E S S  ---------------

Threads class SMR info:
_java_thread_list=0x000001e0d5172260, length=19, elements={
0x000001e0b3bba000, 0x000001e0d382f000, 0x000001e0d383f800, 0x000001e0d41b2800,
0x000001e0d3853000, 0x000001e0d3858000, 0x000001e0d3859000, 0x000001e0d385d000,
0x000001e0d3865800, 0x000001e0d4408000, 0x000001e0d4436800, 0x000001e0d4437800,
0x000001e0d443b000, 0x000001e0d497d800, 0x000001e0d5139000, 0x000001e0d4a86800,
0x000001e0d9110800, 0x000001e0d8a11800, 0x000001e0d6fec800
}

Java Threads: ( => current thread )
  0x000001e0b3bba000 JavaThread "main" [_thread_blocked, id=10840, stack(0x0000005c87c00000,0x0000005c87d00000)]
  0x000001e0d382f000 JavaThread "Reference Handler" daemon [_thread_blocked, id=4712, stack(0x0000005c88900000,0x0000005c88a00000)]
  0x000001e0d383f800 JavaThread "Finalizer" daemon [_thread_blocked, id=5996, stack(0x0000005c88a00000,0x0000005c88b00000)]
  0x000001e0d41b2800 JavaThread "Signal Dispatcher" daemon [_thread_blocked, id=6280, stack(0x0000005c88b00000,0x0000005c88c00000)]
  0x000001e0d3853000 JavaThread "Attach Listener" daemon [_thread_blocked, id=7816, stack(0x0000005c88c00000,0x0000005c88d00000)]
  0x000001e0d3858000 JavaThread "C2 CompilerThread0" daemon [_thread_blocked, id=2876, stack(0x0000005c88d00000,0x0000005c88e00000)]
  0x000001e0d3859000 JavaThread "C2 CompilerThread1" daemon [_thread_blocked, id=7804, stack(0x0000005c88e00000,0x0000005c88f00000)]
  0x000001e0d385d000 JavaThread "C1 CompilerThread2" daemon [_thread_blocked, id=10352, stack(0x0000005c88f00000,0x0000005c89000000)]
  0x000001e0d3865800 JavaThread "Sweeper thread" daemon [_thread_blocked, id=7696, stack(0x0000005c89000000,0x0000005c89100000)]
  0x000001e0d4408000 JavaThread "JDWP Transport Listener: dt_socket" daemon [_thread_blocked, id=5740, stack(0x0000005c89100000,0x0000005c89200000)] _threads_hazard_ptr=0x000001e0d5172260
  0x000001e0d4436800 JavaThread "JDWP Event Helper Thread" daemon [_thread_blocked, id=7096, stack(0x0000005c89200000,0x0000005c89300000)]
  0x000001e0d4437800 JavaThread "JDWP Command Reader" daemon [_thread_in_native, id=9188, stack(0x0000005c89300000,0x0000005c89400000)]
  0x000001e0d443b000 JavaThread "Common-Cleaner" daemon [_thread_blocked, id=9164, stack(0x0000005c89400000,0x0000005c89500000)]
  0x000001e0d497d800 JavaThread "Service Thread" daemon [_thread_blocked, id=3188, stack(0x0000005c89500000,0x0000005c89600000)]
  0x000001e0d5139000 JavaThread "Java2D Disposer" daemon [_thread_blocked, id=8744, stack(0x0000005c89700000,0x0000005c89800000)]
  0x000001e0d4a86800 JavaThread "AWT-Windows" daemon [_thread_in_native, id=11184, stack(0x0000005c89900000,0x0000005c89a00000)]
  0x000001e0d9110800 JavaThread "TimerQueue" daemon [_thread_blocked, id=2824, stack(0x0000005c89c00000,0x0000005c89d00000)]
  0x000001e0d8a11800 JavaThread "Thread to free LWJGL byte buffers" daemon [_thread_blocked, id=8252, stack(0x0000005c8a400000,0x0000005c8a500000)]
  0x000001e0d6fec800 JavaThread "jME3 Audio Decoder" daemon [_thread_blocked, id=9712, stack(0x0000005c8a900000,0x0000005c8aa00000)]

Other Threads:
=>0x000001e0d382a000 VMThread "VM Thread" [stack: 0x0000005c88800000,0x0000005c88900000] [id=8436]
  0x000001e0d4a0d800 WatcherThread [stack: 0x0000005c89600000,0x0000005c89700000] [id=11260]
  0x000001e0b3bd1000 GCTaskThread "GC Thread#0" [stack: 0x0000005c87d00000,0x0000005c87e00000] [id=5628]
  0x000001e0b3bd2800 GCTaskThread "GC Thread#1" [stack: 0x0000005c87e00000,0x0000005c87f00000] [id=3776]
  0x000001e0b3bd5000 GCTaskThread "GC Thread#2" [stack: 0x0000005c87f00000,0x0000005c88000000] [id=3992]
  0x000001e0b3bd8800 GCTaskThread "GC Thread#3" [stack: 0x0000005c88000000,0x0000005c88100000] [id=10252]
  0x000001e0b3c49800 ConcurrentGCThread "G1 Main Marker" [stack: 0x0000005c88100000,0x0000005c88200000] [id=9392]
  0x000001e0b3c51000 ConcurrentGCThread "G1 Conc#0" [stack: 0x0000005c88200000,0x0000005c88300000] [id=5724]
  0x000001e0d36b3800 ConcurrentGCThread "G1 Refine#0" [stack: 0x0000005c88300000,0x0000005c88400000] [id=10940]
  0x000001e0d36b4000 ConcurrentGCThread "G1 Refine#1" [stack: 0x0000005c88400000,0x0000005c88500000] [id=8996]
  0x000001e0d36b9000 ConcurrentGCThread "G1 Refine#2" [stack: 0x0000005c88500000,0x0000005c88600000] [id=10656]
  0x000001e0d36ba000 ConcurrentGCThread "G1 Refine#3" [stack: 0x0000005c88600000,0x0000005c88700000] [id=7900]
  0x000001e0d36bd800 ConcurrentGCThread "G1 Young RemSet Sampling" [stack: 0x0000005c88700000,0x0000005c88800000] [id=10048]

Threads with active compile tasks:

VM state:at safepoint (normal execution)

VM Mutex/Monitor currently owned by a thread:  ([mutex/lock_event])
[0x000001e0b3bb7990] Threads_lock - owner thread: 0x000001e0d382a000

Heap address: 0x0000000081600000, size: 2026 MB, Compressed Oops mode: 32-bit
Narrow klass base: 0x0000000000000000, Narrow klass shift: 3
Compressed class space size: 1073741824 Address: 0x0000000100000000

Heap:
 garbage-first heap   total 157696K, used 40385K [0x0000000081600000, 0x0000000100000000)
  region size 1024K, 8 young (8192K), 3 survivors (3072K)
 Metaspace       used 33950K, capacity 34501K, committed 35200K, reserved 1081344K
  class space    used 3109K, capacity 3357K, committed 3456K, reserved 1048576K
Heap Regions: E=young(eden), S=young(survivor), O=old, HS=humongous(starts), HC=humongous(continues), CS=collection set, F=free, A=archive, TS=gc time stamp, AC=allocation context, TAMS=top-at-mark-start (previous, next)
|   0|0x0000000081600000, 0x0000000081700000, 0x0000000081700000|100%| O|  |TS  1|AC  0|TAMS 0x000000008160ae00, 0x000000008160ae00|
|   1|0x0000000081700000, 0x0000000081800000, 0x0000000081800000|100%| O|  |TS  1|AC  0|TAMS 0x0000000081700000, 0x0000000081700000|
|   2|0x0000000081800000, 0x0000000081900000, 0x0000000081900000|100%| O|  |TS  2|AC  0|TAMS 0x0000000081800000, 0x0000000081800000|
|   3|0x0000000081900000, 0x0000000081a00000, 0x0000000081a00000|100%| O|  |TS  3|AC  0|TAMS 0x0000000081900000, 0x0000000081900000|
|   4|0x0000000081a00000, 0x0000000081b00000, 0x0000000081b00000|100%| O|  |TS  4|AC  0|TAMS 0x0000000081a00000, 0x0000000081a00000|
|   5|0x0000000081b00000, 0x0000000081c00000, 0x0000000081c00000|100%| O|  |TS  4|AC  0|TAMS 0x0000000081b00000, 0x0000000081b00000|
|   6|0x0000000081c00000, 0x0000000081d00000, 0x0000000081d00000|100%| O|  |TS  4|AC  0|TAMS 0x0000000081c00000, 0x0000000081c00000|
|   7|0x0000000081d00000, 0x0000000081e00000, 0x0000000081e00000|100%| O|  |TS  4|AC  0|TAMS 0x0000000081d00000, 0x0000000081d00000|
|   8|0x0000000081e00000, 0x0000000081f00000, 0x0000000081f00000|100%| O|  |TS  4|AC  0|TAMS 0x0000000081e00000, 0x0000000081e00000|
|   9|0x0000000081f00000, 0x0000000082000000, 0x0000000082000000|100%| O|  |TS  4|AC  0|TAMS 0x0000000081f00000, 0x0000000081f00000|
|  10|0x0000000082000000, 0x0000000082100000, 0x0000000082100000|100%| O|  |TS  4|AC  0|TAMS 0x0000000082000000, 0x0000000082000000|
|  11|0x0000000082100000, 0x0000000082200000, 0x0000000082200000|100%| O|  |TS  4|AC  0|TAMS 0x0000000082100000, 0x0000000082100000|
|  12|0x0000000082200000, 0x0000000082300000, 0x0000000082300000|100%| O|  |TS  4|AC  0|TAMS 0x0000000082200000, 0x0000000082200000|
|  13|0x0000000082300000, 0x0000000082400000, 0x0000000082400000|100%| O|  |TS  5|AC  0|TAMS 0x0000000082300000, 0x0000000082300000|
|  14|0x0000000082400000, 0x0000000082500000, 0x0000000082500000|100%| O|  |TS  5|AC  0|TAMS 0x0000000082400000, 0x0000000082400000|
|  15|0x0000000082500000, 0x0000000082600000, 0x0000000082600000|100%| O|  |TS  5|AC  0|TAMS 0x0000000082500000, 0x0000000082500000|
|  16|0x0000000082600000, 0x0000000082700000, 0x0000000082700000|100%| O|  |TS  5|AC  0|TAMS 0x0000000082600000, 0x0000000082600000|
|  17|0x0000000082700000, 0x0000000082800000, 0x0000000082800000|100%| O|  |TS  5|AC  0|TAMS 0x0000000082700000, 0x0000000082700000|
|  18|0x0000000082800000, 0x0000000082900000, 0x0000000082900000|100%| O|  |TS  5|AC  0|TAMS 0x0000000082800000, 0x0000000082800000|
|  19|0x0000000082900000, 0x0000000082900000, 0x0000000082a00000|  0%| F|  |TS 12|AC  0|TAMS 0x0000000082900000, 0x0000000082900000|
|  20|0x0000000082a00000, 0x0000000082a00000, 0x0000000082b00000|  0%| F|  |TS 12|AC  0|TAMS 0x0000000082a00000, 0x0000000082a00000|
|  21|0x0000000082b00000, 0x0000000082c00000, 0x0000000082c00000|100%|HS|  |TS  0|AC  0|TAMS 0x0000000082b00000, 0x0000000082b00000|
|  22|0x0000000082c00000, 0x0000000082d00000, 0x0000000082d00000|100%|HC|  |TS  0|AC  0|TAMS 0x0000000082c00000, 0x0000000082c00000|
|  23|0x0000000082d00000, 0x0000000082e00000, 0x0000000082e00000|100%|HC|  |TS  0|AC  0|TAMS 0x0000000082d00000, 0x0000000082d00000|
|  24|0x0000000082e00000, 0x0000000082f00000, 0x0000000082f00000|100%| O|  |TS  3|AC  0|TAMS 0x0000000082e00000, 0x0000000082e00000|
|  25|0x0000000082f00000, 0x0000000083000000, 0x0000000083000000|100%| O|  |TS  3|AC  0|TAMS 0x0000000082f00000, 0x0000000082f00000|
|  26|0x0000000083000000, 0x0000000083100000, 0x0000000083100000|100%| O|  |TS  3|AC  0|TAMS 0x0000000083000000, 0x0000000083000000|
|  27|0x0000000083100000, 0x0000000083200000, 0x0000000083200000|100%| O|  |TS  3|AC  0|TAMS 0x0000000083100000, 0x0000000083100000|
|  28|0x0000000083200000, 0x0000000083300000, 0x0000000083300000|100%| O|  |TS  3|AC  0|TAMS 0x0000000083200000, 0x0000000083200000|
|  29|0x0000000083300000, 0x0000000083400000, 0x0000000083400000|100%| O|  |TS  3|AC  0|TAMS 0x0000000083300000, 0x0000000083300000|
|  30|0x0000000083400000, 0x0000000083500000, 0x0000000083500000|100%| O|  |TS  3|AC  0|TAMS 0x0000000083400000, 0x0000000083400000|
|  31|0x0000000083500000, 0x0000000083600000, 0x0000000083600000|100%| O|  |TS 11|AC  0|TAMS 0x0000000083500000, 0x0000000083500000|
|  32|0x0000000083600000, 0x0000000083700000, 0x0000000083700000|100%| O|  |TS 11|AC  0|TAMS 0x0000000083600000, 0x0000000083600000|
|  33|0x0000000083700000, 0x0000000083800000, 0x0000000083800000|100%| O|  |TS 11|AC  0|TAMS 0x0000000083700000, 0x0000000083700000|
|  34|0x0000000083800000, 0x00000000838c5a00, 0x0000000083900000| 77%| O|  |TS 18|AC  0|TAMS 0x0000000083800000, 0x0000000083800000|
|  35|0x0000000083900000, 0x0000000083900000, 0x0000000083a00000|  0%| F|  |TS 12|AC  0|TAMS 0x0000000083900000, 0x0000000083900000|
|  36|0x0000000083a00000, 0x0000000083a00000, 0x0000000083b00000|  0%| F|  |TS 12|AC  0|TAMS 0x0000000083a00000, 0x0000000083a00000|
|  37|0x0000000083b00000, 0x0000000083b00000, 0x0000000083c00000|  0%| F|  |TS  0|AC  0|TAMS 0x0000000083b00000, 0x0000000083b00000|
|  38|0x0000000083c00000, 0x0000000083c00000, 0x0000000083d00000|  0%| F|  |TS  0|AC  0|TAMS 0x0000000083c00000, 0x0000000083c00000|
|  39|0x0000000083d00000, 0x0000000083d00000, 0x0000000083e00000|  0%| F|  |TS  0|AC  0|TAMS 0x0000000083d00000, 0x0000000083d00000|
|  40|0x0000000083e00000, 0x0000000083e00000, 0x0000000083f00000|  0%| F|  |TS  0|AC  0|TAMS 0x0000000083e00000, 0x0000000083e00000|
|  41|0x0000000083f00000, 0x0000000083f00000, 0x0000000084000000|  0%| F|  |TS  0|AC  0|TAMS 0x0000000083f00000, 0x0000000083f00000|
|  42|0x0000000084000000, 0x0000000084000000, 0x0000000084100000|  0%| F|  |TS  0|AC  0|TAMS 0x0000000084000000, 0x0000000084000000|
|  43|0x0000000084100000, 0x0000000084100000, 0x0000000084200000|  0%| F|  |TS  0|AC  0|TAMS 0x0000000084100000, 0x0000000084100000|
|  44|0x0000000084200000, 0x0000000084200000, 0x0000000084300000|  0%| F|  |TS  0|AC  0|TAMS 0x0000000084200000, 0x0000000084200000|
|  45|0x0000000084300000, 0x0000000084300000, 0x0000000084400000|  0%| F|  |TS  0|AC  0|TAMS 0x0000000084300000, 0x0000000084300000|
|  46|0x0000000084400000, 0x0000000084400000, 0x0000000084500000|  0%| F|  |TS  0|AC  0|TAMS 0x0000000084400000, 0x0000000084400000|
|  47|0x0000000084500000, 0x0000000084500000, 0x0000000084600000|  0%| F|  |TS  0|AC  0|TAMS 0x0000000084500000, 0x0000000084500000|
|  48|0x0000000084600000, 0x0000000084600000, 0x0000000084700000|  0%| F|  |TS  0|AC  0|TAMS 0x0000000084600000, 0x0000000084600000|
|  49|0x0000000084700000, 0x0000000084700000, 0x0000000084800000|  0%| F|  |TS  0|AC  0|TAMS 0x0000000084700000, 0x0000000084700000|
|  50|0x0000000084800000, 0x0000000084800000, 0x0000000084900000|  0%| F|  |TS  0|AC  0|TAMS 0x0000000084800000, 0x0000000084800000|
|  51|0x0000000084900000, 0x0000000084900000, 0x0000000084a00000|  0%| F|  |TS  0|AC  0|TAMS 0x0000000084900000, 0x0000000084900000|
|  52|0x0000000084a00000, 0x0000000084a00000, 0x0000000084b00000|  0%| F|  |TS  5|AC  0|TAMS 0x0000000084a00000, 0x0000000084a00000|
|  53|0x0000000084b00000, 0x0000000084b00000, 0x0000000084c00000|  0%| F|  |TS  5|AC  0|TAMS 0x0000000084b00000, 0x0000000084b00000|
|  54|0x0000000084c00000, 0x0000000084c00000, 0x0000000084d00000|  0%| F|  |TS 11|AC  0|TAMS 0x0000000084c00000, 0x0000000084c00000|
|  55|0x0000000084d00000, 0x0000000084d00000, 0x0000000084e00000|  0%| F|  |TS 11|AC  0|TAMS 0x0000000084d00000, 0x0000000084d00000|
|  56|0x0000000084e00000, 0x0000000084e00000, 0x0000000084f00000|  0%| F|  |TS 11|AC  0|TAMS 0x0000000084e00000, 0x0000000084e00000|
|  57|0x0000000084f00000, 0x0000000084f00000, 0x0000000085000000|  0%| F|  |TS 11|AC  0|TAMS 0x0000000084f00000, 0x0000000084f00000|
|  58|0x0000000085000000, 0x0000000085000000, 0x0000000085100000|  0%| F|  |TS 17|AC  0|TAMS 0x0000000085000000, 0x0000000085000000|
|  59|0x0000000085100000, 0x00000000851aaad0, 0x0000000085200000| 66%| S|CS|TS 18|AC  0|TAMS 0x0000000085100000, 0x0000000085100000|
|  60|0x0000000085200000, 0x0000000085200000, 0x0000000085300000|  0%| F|  |TS 18|AC  0|TAMS 0x0000000085200000, 0x0000000085200000|
|  61|0x0000000085300000, 0x0000000085400000, 0x0000000085400000|100%| S|CS|TS 18|AC  0|TAMS 0x0000000085300000, 0x0000000085300000|
|  62|0x0000000085400000, 0x0000000085500000, 0x0000000085500000|100%| S|CS|TS 18|AC  0|TAMS 0x0000000085400000, 0x0000000085400000|
|  63|0x0000000085500000, 0x0000000085500000, 0x0000000085600000|  0%| F|  |TS 18|AC  0|TAMS 0x0000000085500000, 0x0000000085500000|
|  64|0x0000000085600000, 0x0000000085600000, 0x0000000085700000|  0%| F|  |TS 18|AC  0|TAMS 0x0000000085600000, 0x0000000085600000|
|  65|0x0000000085700000, 0x0000000085700000, 0x0000000085800000|  0%| F|  |TS 18|AC  0|TAMS 0x0000000085700000, 0x0000000085700000|
|  66|0x0000000085800000, 0x0000000085800000, 0x0000000085900000|  0%| F|  |TS 18|AC  0|TAMS 0x0000000085800000, 0x0000000085800000|
|  67|0x0000000085900000, 0x0000000085900000, 0x0000000085a00000|  0%| F|  |TS 18|AC  0|TAMS 0x0000000085900000, 0x0000000085900000|
|  68|0x0000000085a00000, 0x0000000085a00000, 0x0000000085b00000|  0%| F|  |TS 18|AC  0|TAMS 0x0000000085a00000, 0x0000000085a00000|
|  69|0x0000000085b00000, 0x0000000085b00000, 0x0000000085c00000|  0%| F|  |TS 18|AC  0|TAMS 0x0000000085b00000, 0x0000000085b00000|
|  70|0x0000000085c00000, 0x0000000085c00000, 0x0000000085d00000|  0%| F|  |TS 18|AC  0|TAMS 0x0000000085c00000, 0x0000000085c00000|
|  71|0x0000000085d00000, 0x0000000085d00000, 0x0000000085e00000|  0%| F|  |TS 18|AC  0|TAMS 0x0000000085d00000, 0x0000000085d00000|
|  72|0x0000000085e00000, 0x0000000085e00000, 0x0000000085f00000|  0%| F|  |TS 18|AC  0|TAMS 0x0000000085e00000, 0x0000000085e00000|
|  73|0x0000000085f00000, 0x0000000085f00000, 0x0000000086000000|  0%| F|  |TS 18|AC  0|TAMS 0x0000000085f00000, 0x0000000085f00000|
|  74|0x0000000086000000, 0x0000000086000000, 0x0000000086100000|  0%| F|  |TS 18|AC  0|TAMS 0x0000000086000000, 0x0000000086000000|
|  75|0x0000000086100000, 0x0000000086100000, 0x0000000086200000|  0%| F|  |TS 18|AC  0|TAMS 0x0000000086100000, 0x0000000086100000|
|  76|0x0000000086200000, 0x0000000086200000, 0x0000000086300000|  0%| F|  |TS 18|AC  0|TAMS 0x0000000086200000, 0x0000000086200000|
|  77|0x0000000086300000, 0x0000000086300000, 0x0000000086400000|  0%| F|  |TS 18|AC  0|TAMS 0x0000000086300000, 0x0000000086300000|
|  78|0x0000000086400000, 0x0000000086400000, 0x0000000086500000|  0%| F|  |TS 18|AC  0|TAMS 0x0000000086400000, 0x0000000086400000|
|  79|0x0000000086500000, 0x0000000086500000, 0x0000000086600000|  0%| F|  |TS 18|AC  0|TAMS 0x0000000086500000, 0x0000000086500000|
|  80|0x0000000086600000, 0x0000000086600000, 0x0000000086700000|  0%| F|  |TS 18|AC  0|TAMS 0x0000000086600000, 0x0000000086600000|
|  81|0x0000000086700000, 0x0000000086700000, 0x0000000086800000|  0%| F|  |TS 18|AC  0|TAMS 0x0000000086700000, 0x0000000086700000|
|  82|0x0000000086800000, 0x0000000086800000, 0x0000000086900000|  0%| F|  |TS 18|AC  0|TAMS 0x0000000086800000, 0x0000000086800000|
|  83|0x0000000086900000, 0x0000000086900000, 0x0000000086a00000|  0%| F|  |TS 18|AC  0|TAMS 0x0000000086900000, 0x0000000086900000|
|  84|0x0000000086a00000, 0x0000000086a00000, 0x0000000086b00000|  0%| F|  |TS 18|AC  0|TAMS 0x0000000086a00000, 0x0000000086a00000|
|  85|0x0000000086b00000, 0x0000000086b00000, 0x0000000086c00000|  0%| F|  |TS 18|AC  0|TAMS 0x0000000086b00000, 0x0000000086b00000|
|  86|0x0000000086c00000, 0x0000000086c00000, 0x0000000086d00000|  0%| F|  |TS 18|AC  0|TAMS 0x0000000086c00000, 0x0000000086c00000|
|  87|0x0000000086d00000, 0x0000000086d00000, 0x0000000086e00000|  0%| F|  |TS 18|AC  0|TAMS 0x0000000086d00000, 0x0000000086d00000|
|  88|0x0000000086e00000, 0x0000000086e00000, 0x0000000086f00000|  0%| F|  |TS 18|AC  0|TAMS 0x0000000086e00000, 0x0000000086e00000|
|  89|0x0000000086f00000, 0x0000000086f00000, 0x0000000087000000|  0%| F|  |TS 18|AC  0|TAMS 0x0000000086f00000, 0x0000000086f00000|
|  90|0x0000000087000000, 0x0000000087000000, 0x0000000087100000|  0%| F|  |TS 18|AC  0|TAMS 0x0000000087000000, 0x0000000087000000|
|  91|0x0000000087100000, 0x0000000087100000, 0x0000000087200000|  0%| F|  |TS 18|AC  0|TAMS 0x0000000087100000, 0x0000000087100000|
|  92|0x0000000087200000, 0x0000000087200000, 0x0000000087300000|  0%| F|  |TS 18|AC  0|TAMS 0x0000000087200000, 0x0000000087200000|
|  93|0x0000000087300000, 0x0000000087300000, 0x0000000087400000|  0%| F|  |TS 18|AC  0|TAMS 0x0000000087300000, 0x0000000087300000|
|  94|0x0000000087400000, 0x0000000087400000, 0x0000000087500000|  0%| F|  |TS 18|AC  0|TAMS 0x0000000087400000, 0x0000000087400000|
|  95|0x0000000087500000, 0x0000000087500000, 0x0000000087600000|  0%| F|  |TS 18|AC  0|TAMS 0x0000000087500000, 0x0000000087500000|
|  96|0x0000000087600000, 0x0000000087600000, 0x0000000087700000|  0%| F|  |TS 18|AC  0|TAMS 0x0000000087600000, 0x0000000087600000|
|  97|0x0000000087700000, 0x0000000087700000, 0x0000000087800000|  0%| F|  |TS 18|AC  0|TAMS 0x0000000087700000, 0x0000000087700000|
|  98|0x0000000087800000, 0x0000000087800000, 0x0000000087900000|  0%| F|  |TS 18|AC  0|TAMS 0x0000000087800000, 0x0000000087800000|
|  99|0x0000000087900000, 0x0000000087900000, 0x0000000087a00000|  0%| F|  |TS 18|AC  0|TAMS 0x0000000087900000, 0x0000000087900000|
| 100|0x0000000087a00000, 0x0000000087a00000, 0x0000000087b00000|  0%| F|  |TS 18|AC  0|TAMS 0x0000000087a00000, 0x0000000087a00000|
| 101|0x0000000087b00000, 0x0000000087b00000, 0x0000000087c00000|  0%| F|  |TS 18|AC  0|TAMS 0x0000000087b00000, 0x0000000087b00000|
| 102|0x0000000087c00000, 0x0000000087c00000, 0x0000000087d00000|  0%| F|  |TS 18|AC  0|TAMS 0x0000000087c00000, 0x0000000087c00000|
| 103|0x0000000087d00000, 0x0000000087d00000, 0x0000000087e00000|  0%| F|  |TS 18|AC  0|TAMS 0x0000000087d00000, 0x0000000087d00000|
| 104|0x0000000087e00000, 0x0000000087e00000, 0x0000000087f00000|  0%| F|  |TS 18|AC  0|TAMS 0x0000000087e00000, 0x0000000087e00000|
| 105|0x0000000087f00000, 0x0000000087f00000, 0x0000000088000000|  0%| F|  |TS 18|AC  0|TAMS 0x0000000087f00000, 0x0000000087f00000|
| 106|0x0000000088000000, 0x0000000088000000, 0x0000000088100000|  0%| F|  |TS 18|AC  0|TAMS 0x0000000088000000, 0x0000000088000000|
| 107|0x0000000088100000, 0x0000000088100000, 0x0000000088200000|  0%| F|  |TS 18|AC  0|TAMS 0x0000000088100000, 0x0000000088100000|
| 108|0x0000000088200000, 0x0000000088200000, 0x0000000088300000|  0%| F|  |TS 18|AC  0|TAMS 0x0000000088200000, 0x0000000088200000|
| 109|0x0000000088300000, 0x0000000088300000, 0x0000000088400000|  0%| F|  |TS 18|AC  0|TAMS 0x0000000088300000, 0x0000000088300000|
| 110|0x0000000088400000, 0x0000000088400000, 0x0000000088500000|  0%| F|  |TS 18|AC  0|TAMS 0x0000000088400000, 0x0000000088400000|
| 111|0x0000000088500000, 0x0000000088500000, 0x0000000088600000|  0%| F|  |TS 18|AC  0|TAMS 0x0000000088500000, 0x0000000088500000|
| 112|0x0000000088600000, 0x0000000088600000, 0x0000000088700000|  0%| F|  |TS 18|AC  0|TAMS 0x0000000088600000, 0x0000000088600000|
| 113|0x0000000088700000, 0x0000000088700000, 0x0000000088800000|  0%| F|  |TS 18|AC  0|TAMS 0x0000000088700000, 0x0000000088700000|
| 114|0x0000000088800000, 0x0000000088800000, 0x0000000088900000|  0%| F|  |TS 18|AC  0|TAMS 0x0000000088800000, 0x0000000088800000|
| 115|0x0000000088900000, 0x0000000088900000, 0x0000000088a00000|  0%| F|  |TS 18|AC  0|TAMS 0x0000000088900000, 0x0000000088900000|
| 116|0x0000000088a00000, 0x0000000088a00000, 0x0000000088b00000|  0%| F|  |TS 18|AC  0|TAMS 0x0000000088a00000, 0x0000000088a00000|
| 117|0x0000000088b00000, 0x0000000088b00000, 0x0000000088c00000|  0%| F|  |TS 18|AC  0|TAMS 0x0000000088b00000, 0x0000000088b00000|
| 118|0x0000000088c00000, 0x0000000088c00000, 0x0000000088d00000|  0%| F|  |TS 18|AC  0|TAMS 0x0000000088c00000, 0x0000000088c00000|
| 119|0x0000000088d00000, 0x0000000088d00000, 0x0000000088e00000|  0%| F|  |TS 18|AC  0|TAMS 0x0000000088d00000, 0x0000000088d00000|
| 120|0x0000000088e00000, 0x0000000088e00000, 0x0000000088f00000|  0%| F|  |TS 18|AC  0|TAMS 0x0000000088e00000, 0x0000000088e00000|
| 121|0x0000000088f00000, 0x0000000088f00000, 0x0000000089000000|  0%| F|  |TS 18|AC  0|TAMS 0x0000000088f00000, 0x0000000088f00000|
| 122|0x0000000089000000, 0x0000000089000000, 0x0000000089100000|  0%| F|  |TS 18|AC  0|TAMS 0x0000000089000000, 0x0000000089000000|
| 123|0x0000000089100000, 0x0000000089100000, 0x0000000089200000|  0%| F|  |TS 18|AC  0|TAMS 0x0000000089100000, 0x0000000089100000|
| 124|0x0000000089200000, 0x0000000089200000, 0x0000000089300000|  0%| F|  |TS 18|AC  0|TAMS 0x0000000089200000, 0x0000000089200000|
| 125|0x0000000089300000, 0x0000000089300000, 0x0000000089400000|  0%| F|  |TS 18|AC  0|TAMS 0x0000000089300000, 0x0000000089300000|
| 126|0x0000000089400000, 0x0000000089400000, 0x0000000089500000|  0%| F|  |TS 18|AC  0|TAMS 0x0000000089400000, 0x0000000089400000|
| 127|0x0000000089500000, 0x0000000089500000, 0x0000000089600000|  0%| F|  |TS 18|AC  0|TAMS 0x0000000089500000, 0x0000000089500000|
| 128|0x0000000089600000, 0x0000000089600000, 0x0000000089700000|  0%| F|  |TS 18|AC  0|TAMS 0x0000000089600000, 0x0000000089600000|
| 129|0x0000000089700000, 0x0000000089700000, 0x0000000089800000|  0%| F|  |TS 18|AC  0|TAMS 0x0000000089700000, 0x0000000089700000|
| 130|0x0000000089800000, 0x0000000089800000, 0x0000000089900000|  0%| F|  |TS 18|AC  0|TAMS 0x0000000089800000, 0x0000000089800000|
| 131|0x0000000089900000, 0x0000000089900000, 0x0000000089a00000|  0%| F|  |TS 18|AC  0|TAMS 0x0000000089900000, 0x0000000089900000|
| 132|0x0000000089a00000, 0x0000000089a00000, 0x0000000089b00000|  0%| F|  |TS 18|AC  0|TAMS 0x0000000089a00000, 0x0000000089a00000|
| 133|0x0000000089b00000, 0x0000000089b00000, 0x0000000089c00000|  0%| F|  |TS 18|AC  0|TAMS 0x0000000089b00000, 0x0000000089b00000|
| 134|0x0000000089c00000, 0x0000000089c00000, 0x0000000089d00000|  0%| F|  |TS 18|AC  0|TAMS 0x0000000089c00000, 0x0000000089c00000|
| 135|0x0000000089d00000, 0x0000000089d00000, 0x0000000089e00000|  0%| F|  |TS 18|AC  0|TAMS 0x0000000089d00000, 0x0000000089d00000|
| 136|0x0000000089e00000, 0x0000000089e00000, 0x0000000089f00000|  0%| F|  |TS 18|AC  0|TAMS 0x0000000089e00000, 0x0000000089e00000|
| 137|0x0000000089f00000, 0x0000000089f00000, 0x000000008a000000|  0%| F|  |TS 18|AC  0|TAMS 0x0000000089f00000, 0x0000000089f00000|
| 138|0x000000008a000000, 0x000000008a000000, 0x000000008a100000|  0%| F|  |TS 18|AC  0|TAMS 0x000000008a000000, 0x000000008a000000|
| 139|0x000000008a100000, 0x000000008a100000, 0x000000008a200000|  0%| F|  |TS 18|AC  0|TAMS 0x000000008a100000, 0x000000008a100000|
| 140|0x000000008a200000, 0x000000008a200000, 0x000000008a300000|  0%| F|  |TS 18|AC  0|TAMS 0x000000008a200000, 0x000000008a200000|
| 141|0x000000008a300000, 0x000000008a300000, 0x000000008a400000|  0%| F|  |TS 18|AC  0|TAMS 0x000000008a300000, 0x000000008a300000|
| 142|0x000000008a400000, 0x000000008a400000, 0x000000008a500000|  0%| F|  |TS 18|AC  0|TAMS 0x000000008a400000, 0x000000008a400000|
| 143|0x000000008a500000, 0x000000008a500000, 0x000000008a600000|  0%| F|  |TS 18|AC  0|TAMS 0x000000008a500000, 0x000000008a500000|
| 144|0x000000008a600000, 0x000000008a600000, 0x000000008a700000|  0%| F|  |TS 18|AC  0|TAMS 0x000000008a600000, 0x000000008a600000|
| 145|0x000000008a700000, 0x000000008a700000, 0x000000008a800000|  0%| F|  |TS 18|AC  0|TAMS 0x000000008a700000, 0x000000008a700000|
| 146|0x000000008a800000, 0x000000008a800000, 0x000000008a900000|  0%| F|  |TS 18|AC  0|TAMS 0x000000008a800000, 0x000000008a800000|
| 147|0x000000008a900000, 0x000000008a900000, 0x000000008aa00000|  0%| F|  |TS 18|AC  0|TAMS 0x000000008a900000, 0x000000008a900000|
| 148|0x000000008aa00000, 0x000000008aa00000, 0x000000008ab00000|  0%| F|  |TS 18|AC  0|TAMS 0x000000008aa00000, 0x000000008aa00000|
| 149|0x000000008ab00000, 0x000000008ac00000, 0x000000008ac00000|100%| E|  |TS 18|AC  0|TAMS 0x000000008ab00000, 0x000000008ab00000|
| 150|0x000000008ac00000, 0x000000008ad00000, 0x000000008ad00000|100%| E|CS|TS 18|AC  0|TAMS 0x000000008ac00000, 0x000000008ac00000|
| 151|0x000000008ad00000, 0x000000008ae00000, 0x000000008ae00000|100%| E|CS|TS 18|AC  0|TAMS 0x000000008ad00000, 0x000000008ad00000|
| 152|0x000000008ae00000, 0x000000008af00000, 0x000000008af00000|100%| E|CS|TS 18|AC  0|TAMS 0x000000008ae00000, 0x000000008ae00000|
| 153|0x000000008af00000, 0x000000008b000000, 0x000000008b000000|100%| E|CS|TS 18|AC  0|TAMS 0x000000008af00000, 0x000000008af00000|

Card table byte_map: [0x000001e0ccad0000,0x000001e0cced0000] byte_map_base: 0x000001e0cc6c5000

Marking Bits (Prev, Next): (CMBitMap*) 0x000001e0b3c48fd8, (CMBitMap*) 0x000001e0b3c48fa0
 Prev Bits: [0x000001e0cf280000, 0x000001e0d1228000)
 Next Bits: [0x000001e0cd2d0000, 0x000001e0cf278000)

Polling page: 0x000001e0b22b0000

CodeHeap 'non-profiled nmethods': size=120064Kb used=5669Kb max_used=5786Kb free=114394Kb
 bounds [0x000001e0c4b70000, 0x000001e0c5120000, 0x000001e0cc0b0000]
CodeHeap 'profiled nmethods': size=120000Kb used=10280Kb max_used=12182Kb free=109719Kb
 bounds [0x000001e0bd640000, 0x000001e0be230000, 0x000001e0c4b70000]
CodeHeap 'non-nmethods': size=5696Kb used=1660Kb max_used=1745Kb free=4035Kb
 bounds [0x000001e0bd0b0000, 0x000001e0bd320000, 0x000001e0bd640000]
 total_blobs=9048 nmethods=5315 adapters=1072
 compilation: enabled

Compilation events (10 events):
Event: 163.222 Thread 0x000001e0d3858000 nmethod 6094 0x000001e0c4d1d510 code [0x000001e0c4d1d6c0, 0x000001e0c4d1d768]
Event: 163.249 Thread 0x000001e0d3859000 nmethod 6091 0x000001e0c4d32410 code [0x000001e0c4d32640, 0x000001e0c4d332e8]
Event: 164.433 Thread 0x000001e0d385d000 6095       3       java.lang.Long::toString (55 bytes)
Event: 164.434 Thread 0x000001e0d385d000 nmethod 6095 0x000001e0bd6d6190 code [0x000001e0bd6d6380, 0x000001e0bd6d6760]
Event: 164.491 Thread 0x000001e0d3858000 6096  s    4       java.io.BufferedOutputStream::flush (12 bytes)
Event: 164.497 Thread 0x000001e0d3858000 nmethod 6096 0x000001e0c4d1cc90 code [0x000001e0c4d1ce40, 0x000001e0c4d1d2a8]
Event: 165.218 Thread 0x000001e0d3859000 6097       4       com.jme3.bounding.BoundingBox::computeFromPoints (6 bytes)
Event: 165.219 Thread 0x000001e0d3859000 nmethod 6097 0x000001e0c4d1c990 code [0x000001e0c4d1cb20, 0x000001e0c4d1cba8]
Event: 165.308 Thread 0x000001e0d3858000 6098 % !   4       com.jme3.audio.openal.ALAudioRenderer::run @ 68 (93 bytes)
Event: 165.319 Thread 0x000001e0d3858000 nmethod 6098% 0x000001e0c4d31910 code [0x000001e0c4d31b00, 0x000001e0c4d32128]

GC Heap History (10 events):
Event: 32.681 GC heap before
{Heap before GC invocations=16 (full 0):
 garbage-first heap   total 157696K, used 127115K [0x0000000081600000, 0x0000000100000000)
  region size 1024K, 92 young (94208K), 4 survivors (4096K)
 Metaspace       used 33692K, capacity 34181K, committed 34688K, reserved 1081344K
  class space    used 3105K, capacity 3357K, committed 3456K, reserved 1048576K
}
Event: 32.686 GC heap after
{Heap after GC invocations=17 (full 0):
 garbage-first heap   total 157696K, used 36403K [0x0000000081600000, 0x0000000100000000)
  region size 1024K, 3 young (3072K), 3 survivors (3072K)
 Metaspace       used 33692K, capacity 34181K, committed 34688K, reserved 1081344K
  class space    used 3105K, capacity 3357K, committed 3456K, reserved 1048576K
}
Event: 61.381 GC heap before
{Heap before GC invocations=17 (full 0):
 garbage-first heap   total 157696K, used 127539K [0x0000000081600000, 0x0000000100000000)
  region size 1024K, 92 young (94208K), 3 survivors (3072K)
 Metaspace       used 33793K, capacity 34373K, committed 34944K, reserved 1081344K
  class space    used 3106K, capacity 3357K, committed 3456K, reserved 1048576K
}
Event: 61.386 GC heap after
{Heap after GC invocations=18 (full 0):
 garbage-first heap   total 157696K, used 36597K [0x0000000081600000, 0x0000000100000000)
  region size 1024K, 3 young (3072K), 3 survivors (3072K)
 Metaspace       used 33793K, capacity 34373K, committed 34944K, reserved 1081344K
  class space    used 3106K, capacity 3357K, committed 3456K, reserved 1048576K
}
Event: 66.737 GC heap before
{Heap before GC invocations=18 (full 0):
 garbage-first heap   total 157696K, used 127733K [0x0000000081600000, 0x0000000100000000)
  region size 1024K, 92 young (94208K), 3 survivors (3072K)
 Metaspace       used 33835K, capacity 34373K, committed 34944K, reserved 1081344K
  class space    used 3106K, capacity 3357K, committed 3456K, reserved 1048576K
}
Event: 66.742 GC heap after
{Heap after GC invocations=19 (full 0):
 garbage-first heap   total 157696K, used 36907K [0x0000000081600000, 0x0000000100000000)
  region size 1024K, 4 young (4096K), 4 survivors (4096K)
 Metaspace       used 33835K, capacity 34373K, committed 34944K, reserved 1081344K
  class space    used 3106K, capacity 3357K, committed 3456K, reserved 1048576K
}
Event: 95.219 GC heap before
{Heap before GC invocations=19 (full 0):
 garbage-first heap   total 157696K, used 127019K [0x0000000081600000, 0x0000000100000000)
  region size 1024K, 92 young (94208K), 4 survivors (4096K)
 Metaspace       used 33836K, capacity 34373K, committed 34944K, reserved 1081344K
  class space    used 3106K, capacity 3357K, committed 3456K, reserved 1048576K
}
Event: 95.227 GC heap after
{Heap after GC invocations=20 (full 0):
 garbage-first heap   total 157696K, used 36630K [0x0000000081600000, 0x0000000100000000)
  region size 1024K, 3 young (3072K), 3 survivors (3072K)
 Metaspace       used 33836K, capacity 34373K, committed 34944K, reserved 1081344K
  class space    used 3106K, capacity 3357K, committed 3456K, reserved 1048576K
}
Event: 164.515 GC heap before
{Heap before GC invocations=20 (full 0):
 garbage-first heap   total 157696K, used 127766K [0x0000000081600000, 0x0000000100000000)
  region size 1024K, 92 young (94208K), 3 survivors (3072K)
 Metaspace       used 33950K, capacity 34501K, committed 35200K, reserved 1081344K
  class space    used 3109K, capacity 3357K, committed 3456K, reserved 1048576K
}
Event: 164.522 GC heap after
{Heap after GC invocations=21 (full 0):
 garbage-first heap   total 157696K, used 36289K [0x0000000081600000, 0x0000000100000000)
  region size 1024K, 3 young (3072K), 3 survivors (3072K)
 Metaspace       used 33950K, capacity 34501K, committed 35200K, reserved 1081344K
  class space    used 3109K, capacity 3357K, committed 3456K, reserved 1048576K
}

Deoptimization events (10 events):
Event: 34.900 Thread 0x000001e0b3bba000 Uncommon trap: reason=unstable_if action=reinterpret pc=0x000001e0c4f108a0 method=com.jme3.collision.bih.BIHTree.createNode(IILcom/jme3/bounding/BoundingBox;I)Lcom/jme3/collision/bih/BIHNode; @ 225 c2
Event: 61.066 Thread 0x000001e0b3bba000 Uncommon trap: reason=array_check action=maybe_recompile pc=0x000001e0c5007ca4 method=com.jme3.util.SortUtil.merge([Ljava/lang/Object;[Ljava/lang/Object;IIILjava/util/Comparator;)V @ 94 c2
Event: 61.071 Thread 0x000001e0b3bba000 Uncommon trap: reason=array_check action=maybe_recompile pc=0x000001e0c5016704 method=com.jme3.util.SortUtil.merge([Ljava/lang/Object;[Ljava/lang/Object;IIILjava/util/Comparator;)V @ 94 c2
Event: 64.214 Thread 0x000001e0b3bba000 Uncommon trap: reason=array_check action=maybe_recompile pc=0x000001e0c5007ca4 method=com.jme3.util.SortUtil.merge([Ljava/lang/Object;[Ljava/lang/Object;IIILjava/util/Comparator;)V @ 94 c2
Event: 67.292 Thread 0x000001e0b3bba000 Uncommon trap: reason=unstable_if action=reinterpret pc=0x000001e0c5078850 method=com.jme3.input.FlyByCamera.onAnalog(Ljava/lang/String;FF)V @ 208 c2
Event: 67.583 Thread 0x000001e0b3bba000 Uncommon trap: reason=unstable_if action=reinterpret pc=0x000001e0c505aaf4 method=com.jme3.bounding.BoundingBox.distanceToEdge(Lcom/jme3/math/Vector3f;)F @ 77 c2
Event: 69.906 Thread 0x000001e0b3bba000 Uncommon trap: reason=unstable_if action=reinterpret pc=0x000001e0c4ff40dc method=com.jme3.bounding.BoundingBox.distanceToEdge(Lcom/jme3/math/Vector3f;)F @ 119 c2
Event: 71.413 Thread 0x000001e0b3bba000 Uncommon trap: reason=unstable_if action=reinterpret pc=0x000001e0c507d6bc method=com.jme3.bounding.BoundingBox.distanceToEdge(Lcom/jme3/math/Vector3f;)F @ 119 c2
Event: 96.543 Thread 0x000001e0b3bba000 Uncommon trap: reason=unstable_if action=reinterpret pc=0x000001e0c5097454 method=com.scs.splitscreenfpsengine.CameraSystem.process(F)V @ 510 c2
Event: 128.636 Thread 0x000001e0b3bba000 Uncommon trap: reason=unstable_if action=reinterpret pc=0x000001e0c5054e20 method=com.jme3.input.lwjgl.GlfwJoystickInput.update()V @ 198 c2

Classes redefined (5 events):
Event: 52.712 Thread 0x000001e0d382a000 redefined class name=com.scs.splitscreenfpsengine.input.JamepadCamera, count=1
Event: 103.827 Thread 0x000001e0d382a000 redefined class name=com.scs.splitscreenfpsengine.input.JamepadCamera, count=2
Event: 122.781 Thread 0x000001e0d382a000 redefined class name=com.scs.splitscreenfpsengine.input.JamepadCamera, count=3
Event: 141.966 Thread 0x000001e0d382a000 redefined class name=com.scs.splitscreenfpsengine.input.JamepadCamera, count=4
Event: 157.078 Thread 0x000001e0d382a000 redefined class name=com.scs.splitscreenfpsengine.input.JamepadCamera, count=5

Internal exceptions (10 events):
Event: 5.510 Thread 0x000001e0b3bba000 Exception <a 'java/lang/NoSuchMethodError'{0x00000000871863a0}: java.lang.invoke.DirectMethodHandle$Holder.invokeStatic(Ljava/lang/Object;IIII)Ljava/lang/Object;> (0x00000000871863a0) thrown at [t:/workspace/src/hotspot/share/interpreter/linkResolver.cpp,
Event: 5.511 Thread 0x000001e0b3bba000 Exception <a 'java/lang/NoSuchMethodError'{0x0000000087189558}: java.lang.invoke.DirectMethodHandle$Holder.invokeStaticInit(Ljava/lang/Object;IIII)Ljava/lang/Object;> (0x0000000087189558) thrown at [t:/workspace/src/hotspot/share/interpreter/linkResolver.
Event: 5.821 Thread 0x000001e0b3bba000 Exception <a 'java/lang/NoSuchMethodError'{0x00000000871c2ae0}: java.lang.invoke.DirectMethodHandle$Holder.invokeStatic(Ljava/lang/Object;Ljava/lang/Object;IIII)Ljava/lang/Object;> (0x00000000871c2ae0) thrown at [t:/workspace/src/hotspot/share/interpreter
Event: 5.822 Thread 0x000001e0b3bba000 Exception <a 'java/lang/NoSuchMethodError'{0x00000000871c5f00}: java.lang.invoke.DirectMethodHandle$Holder.invokeStaticInit(Ljava/lang/Object;Ljava/lang/Object;IIII)Ljava/lang/Object;> (0x00000000871c5f00) thrown at [t:/workspace/src/hotspot/share/interpr
Event: 6.246 Thread 0x000001e0b3bba000 Exception <a 'java/lang/NoSuchMethodError'{0x00000000874172d8}: method resolution failed> (0x00000000874172d8) thrown at [t:/workspace/src/hotspot/share/prims/methodHandles.cpp, line 1226]
Event: 10.423 Thread 0x000001e0b3bba000 Implicit null exception at 0x000001e0c4d63ccc to 0x000001e0c4d63d12
Event: 28.948 Thread 0x000001e0b3bba000 Implicit null exception at 0x000001e0c4ed7a93 to 0x000001e0c4ed813a
Event: 28.998 Thread 0x000001e0b3bba000 Implicit null exception at 0x000001e0c4f527ac to 0x000001e0c4f527f6
Event: 29.002 Thread 0x000001e0b3bba000 Implicit null exception at 0x000001e0c4f422e3 to 0x000001e0c4f44b93
Event: 29.002 Thread 0x000001e0b3bba000 Implicit null exception at 0x000001e0c4f48ae8 to 0x000001e0c4f48d22

Events (10 events):
Event: 167.977 Executing VM operation: GetOwnedMonitorInfo done
Event: 167.978 Executing VM operation: GetCurrentContendedMonitor
Event: 167.978 Executing VM operation: GetCurrentContendedMonitor done
Event: 167.978 Executing VM operation: GetCurrentContendedMonitor
Event: 167.978 Executing VM operation: GetCurrentContendedMonitor done
Event: 167.978 Executing VM operation: GetOwnedMonitorInfo
Event: 167.978 Executing VM operation: GetOwnedMonitorInfo done
Event: 168.111 Executing VM operation: GetFrameLocation
Event: 168.112 Executing VM operation: GetFrameLocation done
Event: 168.112 Executing VM operation: GetOrSetLocal


Dynamic libraries:
0x00007ff7edb70000 - 0x00007ff7edbad000 	C:\jdk-10.0.2\bin\javaw.exe
0x00007ffa17530000 - 0x00007ffa1771d000 	C:\WINDOWS\SYSTEM32\ntdll.dll
0x00007ffa15a60000 - 0x00007ffa15b13000 	C:\WINDOWS\System32\KERNEL32.DLL
0x00007ffa13850000 - 0x00007ffa13ae3000 	C:\WINDOWS\System32\KERNELBASE.dll
0x00007ffa15c60000 - 0x00007ffa15df7000 	C:\WINDOWS\System32\USER32.dll
0x00007ffa13660000 - 0x00007ffa13680000 	C:\WINDOWS\System32\win32u.dll
0x00007ffa14b00000 - 0x00007ffa14b29000 	C:\WINDOWS\System32\GDI32.dll
0x00007ffa142f0000 - 0x00007ffa1448a000 	C:\WINDOWS\System32\gdi32full.dll
0x00007ffa146c0000 - 0x00007ffa14760000 	C:\WINDOWS\System32\msvcp_win.dll
0x00007ffa13750000 - 0x00007ffa1384c000 	C:\WINDOWS\System32\ucrtbase.dll
0x00007ffa01be0000 - 0x00007ffa01e59000 	C:\WINDOWS\WinSxS\amd64_microsoft.windows.common-controls_6595b64144ccf1df_6.0.17763.253_none_05b2388e0721fece\COMCTL32.dll
0x00007ffa15200000 - 0x00007ffa1529e000 	C:\WINDOWS\System32\msvcrt.dll
0x00007ffa14db0000 - 0x00007ffa150dd000 	C:\WINDOWS\System32\combase.dll
0x00007ffa15b20000 - 0x00007ffa15c42000 	C:\WINDOWS\System32\RPCRT4.dll
0x00007ffa13680000 - 0x00007ffa136fe000 	C:\WINDOWS\System32\bcryptPrimitives.dll
0x00007ffa150e0000 - 0x00007ffa1510e000 	C:\WINDOWS\System32\IMM32.DLL
0x00007ff9f9340000 - 0x00007ff9f942f000 	C:\jdk-10.0.2\bin\msvcr120.dll
0x00007ff9fe0d0000 - 0x00007ff9fe176000 	C:\jdk-10.0.2\bin\msvcp120.dll
0x0000000060670000 - 0x000000006105d000 	C:\jdk-10.0.2\bin\server\jvm.dll
0x00007ffa148d0000 - 0x00007ffa14973000 	C:\WINDOWS\System32\ADVAPI32.dll
0x00007ffa159c0000 - 0x00007ffa15a5e000 	C:\WINDOWS\System32\sechost.dll
0x00007ffa15c50000 - 0x00007ffa15c58000 	C:\WINDOWS\System32\PSAPI.DLL
0x00007ffa10170000 - 0x00007ffa10179000 	C:\WINDOWS\SYSTEM32\WSOCK32.dll
0x00007ffa15110000 - 0x00007ffa1517d000 	C:\WINDOWS\System32\WS2_32.dll
0x00007ffa10fb0000 - 0x00007ffa10fd4000 	C:\WINDOWS\SYSTEM32\WINMM.dll
0x00007ffa04040000 - 0x00007ffa0404a000 	C:\WINDOWS\SYSTEM32\VERSION.dll
0x00007ffa10f80000 - 0x00007ffa10fad000 	C:\WINDOWS\SYSTEM32\WINMMBASE.dll
0x00007ffa14670000 - 0x00007ffa146ba000 	C:\WINDOWS\System32\cfgmgr32.dll
0x00007ffa10160000 - 0x00007ffa1016f000 	C:\jdk-10.0.2\bin\verify.dll
0x00007ffa0bd70000 - 0x00007ffa0bf5d000 	C:\WINDOWS\SYSTEM32\DBGHELP.DLL
0x00007ffa0bd40000 - 0x00007ffa0bd6a000 	C:\WINDOWS\SYSTEM32\dbgcore.DLL
0x00007ffa0cfd0000 - 0x00007ffa0cff7000 	C:\jdk-10.0.2\bin\java.dll
0x00007ffa087a0000 - 0x00007ffa087d6000 	C:\jdk-10.0.2\bin\jdwp.dll
0x00007ffa02ca0000 - 0x00007ffa02cca000 	C:\jdk-10.0.2\bin\instrument.dll
0x00007ffa0cd60000 - 0x00007ffa0cd76000 	C:\jdk-10.0.2\bin\zip.dll
0x00007ffa0d090000 - 0x00007ffa0d09a000 	C:\jdk-10.0.2\bin\jimage.dll
0x00007ffa15ee0000 - 0x00007ffa173cf000 	C:\WINDOWS\System32\SHELL32.dll
0x00007ffa15740000 - 0x00007ffa157e8000 	C:\WINDOWS\System32\shcore.dll
0x00007ffa13ba0000 - 0x00007ffa142ea000 	C:\WINDOWS\System32\windows.storage.dll
0x00007ffa13550000 - 0x00007ffa13574000 	C:\WINDOWS\System32\profapi.dll
0x00007ffa135a0000 - 0x00007ffa135fd000 	C:\WINDOWS\System32\powrprof.dll
0x00007ffa14760000 - 0x00007ffa147b2000 	C:\WINDOWS\System32\shlwapi.dll
0x00007ffa13530000 - 0x00007ffa13541000 	C:\WINDOWS\System32\kernel.appcore.dll
0x00007ffa13700000 - 0x00007ffa13717000 	C:\WINDOWS\System32\cryptsp.dll
0x00007ffa0ccd0000 - 0x00007ffa0ccda000 	C:\jdk-10.0.2\bin\dt_socket.dll
0x00007ffa12d60000 - 0x00007ffa12dc7000 	C:\WINDOWS\System32\mswsock.dll
0x00007ffa12b00000 - 0x00007ffa12bc6000 	C:\WINDOWS\SYSTEM32\DNSAPI.dll
0x00007ffa159b0000 - 0x00007ffa159b8000 	C:\WINDOWS\System32\NSI.dll
0x00007ffa12ac0000 - 0x00007ffa12afd000 	C:\WINDOWS\SYSTEM32\IPHLPAPI.DLL
0x00007ffa08b60000 - 0x00007ffa08bd9000 	C:\WINDOWS\System32\fwpuclnt.dll
0x00007ffa13720000 - 0x00007ffa13746000 	C:\WINDOWS\System32\bcrypt.dll
0x00007ffa06a40000 - 0x00007ffa06a4a000 	C:\Windows\System32\rasadhlp.dll
0x00007ffa0cd40000 - 0x00007ffa0cd5a000 	C:\jdk-10.0.2\bin\net.dll
0x00007ffa0bfe0000 - 0x00007ffa0c0d1000 	C:\WINDOWS\SYSTEM32\WINHTTP.dll
0x00007ffa0cd00000 - 0x00007ffa0cd11000 	C:\jdk-10.0.2\bin\nio.dll
0x00007ffa08840000 - 0x00007ffa08848000 	C:\jdk-10.0.2\bin\prefs.dll
0x00007ff9f99c0000 - 0x00007ff9f9b5a000 	C:\jdk-10.0.2\bin\awt.dll
0x00007ffa14b30000 - 0x00007ffa14bfb000 	C:\WINDOWS\System32\OLEAUT32.dll
0x00007ffa102e0000 - 0x00007ffa1089e000 	C:\WINDOWS\SYSTEM32\d2d1.dll
0x00007ffa11800000 - 0x00007ffa1188c000 	C:\WINDOWS\SYSTEM32\apphelp.dll
0x00007ffa11920000 - 0x00007ffa119bc000 	C:\WINDOWS\system32\uxtheme.dll
0x00007ffa14980000 - 0x00007ffa14aea000 	C:\WINDOWS\System32\MSCTF.dll
0x00007ffa11a30000 - 0x00007ffa11a5e000 	C:\WINDOWS\system32\dwmapi.dll
0x00007ffa14490000 - 0x00007ffa1466b000 	C:\WINDOWS\System32\CRYPT32.dll
0x00007ffa13580000 - 0x00007ffa13592000 	C:\WINDOWS\System32\MSASN1.dll
0x00007ffa15850000 - 0x00007ffa159a5000 	C:\WINDOWS\System32\ole32.dll
0x00007ffa029a0000 - 0x00007ffa02ac7000 	C:\WINDOWS\system32\opengl32.dll
0x00007ffa02940000 - 0x00007ffa0296c000 	C:\WINDOWS\SYSTEM32\GLU32.dll
0x00007ff9fe030000 - 0x00007ff9fe0cc000 	C:\jdk-10.0.2\bin\freetype.dll
0x00007ff9ff760000 - 0x00007ff9ff7c8000 	C:\jdk-10.0.2\bin\fontmanager.dll
0x00007ffa08280000 - 0x00007ffa08315000 	C:\WINDOWS\System32\TextInputFramework.dll
0x00007ffa0f530000 - 0x00007ffa0f852000 	C:\WINDOWS\System32\CoreUIComponents.dll
0x00007ffa115f0000 - 0x00007ffa116d2000 	C:\WINDOWS\System32\CoreMessaging.dll
0x00007ffa12600000 - 0x00007ffa12631000 	C:\WINDOWS\SYSTEM32\ntmarta.dll
0x00007ffa0f350000 - 0x00007ffa0f4a3000 	C:\WINDOWS\SYSTEM32\wintypes.dll
0x00007ff9e7af0000 - 0x00007ff9e7d08000 	C:\code\SplitScreen3DChaos\bulletjme.dll
0x00007ffa021d0000 - 0x00007ffa02227000 	C:\Users\Dell\AppData\Local\Temp\lwjglDell\3.1.2-build-29\lwjgl.dll
0x00007ff9ff510000 - 0x00007ff9ff54c000 	C:\Users\Dell\AppData\Local\Temp\lwjglDell\3.1.2-build-29\jemalloc.dll
0x00007ff9ff1d0000 - 0x00007ff9ff20d000 	C:\Users\Dell\AppData\Local\Temp\lwjglDell\3.1.2-build-29\glfw.dll
0x00007ff9ff130000 - 0x00007ff9ff174000 	C:\WINDOWS\SYSTEM32\dinput8.dll
0x00007ffa08780000 - 0x00007ffa08791000 	C:\WINDOWS\SYSTEM32\xinput1_4.dll
0x00007ffa13360000 - 0x00007ffa13389000 	C:\WINDOWS\SYSTEM32\DEVOBJ.dll
0x00007ffa081b0000 - 0x00007ffa0827c000 	C:\WINDOWS\SYSTEM32\inputhost.dll
0x00007ffa11d10000 - 0x00007ffa11f1d000 	C:\WINDOWS\SYSTEM32\twinapi.appcore.dll
0x00007ffa10d00000 - 0x00007ffa10f7e000 	C:\WINDOWS\SYSTEM32\d3d11.dll
0x00007ffa0ff60000 - 0x00007ffa10108000 	C:\WINDOWS\SYSTEM32\PROPSYS.dll
0x00007ffa11f20000 - 0x00007ffa11f48000 	C:\WINDOWS\SYSTEM32\RMCLIENT.dll
0x00007ffa122c0000 - 0x00007ffa12382000 	C:\WINDOWS\SYSTEM32\dxgi.dll
0x00007ffa12210000 - 0x00007ffa1221e000 	C:\WINDOWS\SYSTEM32\HID.DLL
0x00007ffa152a0000 - 0x00007ffa15715000 	C:\WINDOWS\System32\SETUPAPI.DLL
0x00007ffa13600000 - 0x00007ffa13658000 	C:\WINDOWS\System32\WINTRUST.dll
0x00007ff9d9740000 - 0x00007ff9d9f72000 	C:\WINDOWS\SYSTEM32\ig7icd64.dll
0x00007ffa0dcd0000 - 0x00007ffa0e134000 	C:\WINDOWS\SYSTEM32\igdusc64.dll
0x00007ffa10110000 - 0x00007ffa10123000 	C:\WINDOWS\SYSTEM32\WTSAPI32.dll
0x00007ffa0e140000 - 0x00007ffa0ece2000 	C:\WINDOWS\SYSTEM32\igd10iumd64.dll
0x00007ffa13080000 - 0x00007ffa130a6000 	C:\WINDOWS\SYSTEM32\ncrypt.dll
0x00007ffa13040000 - 0x00007ffa1307c000 	C:\WINDOWS\SYSTEM32\NTASN1.dll
0x00007ff9fdfd0000 - 0x00007ff9fe02c000 	C:\Users\Dell\AppData\Local\Temp\lwjglDell\3.1.2-build-29\lwjgl_opengl.dll
0x00007ff9f2510000 - 0x00007ff9f2600000 	C:\Users\Dell\AppData\Local\Temp\lwjglDell\3.1.2-build-29\OpenAL.dll
0x00007ffa14820000 - 0x00007ffa148c2000 	C:\WINDOWS\System32\clbcatq.dll
0x00007ffa0a980000 - 0x00007ffa0a9f0000 	C:\WINDOWS\System32\MMDevApi.dll
0x00007ffa09020000 - 0x00007ffa09168000 	C:\WINDOWS\SYSTEM32\AUDIOSES.DLL
0x00007ffa0fac0000 - 0x00007ffa0faca000 	C:\WINDOWS\SYSTEM32\AVRT.dll
0x00007ffa11f50000 - 0x00007ffa11f64000 	C:\WINDOWS\SYSTEM32\resourcepolicyclient.dll
0x00000000704c0000 - 0x0000000070f27000 	C:\Users\Dell\AppData\Local\Temp\jnigen\2496351936\jamepad64.dll
0x00007ffa12920000 - 0x00007ffa12953000 	C:\WINDOWS\system32\rsaenh.dll
0x00007ffa13430000 - 0x00007ffa13458000 	C:\WINDOWS\SYSTEM32\USERENV.dll
0x00007ffa12f30000 - 0x00007ffa12f3c000 	C:\WINDOWS\SYSTEM32\CRYPTBASE.dll
0x00007ffa095f0000 - 0x00007ffa09606000 	C:\WINDOWS\SYSTEM32\dhcpcsvc6.DLL
0x00007ffa0a2f0000 - 0x00007ffa0a30c000 	C:\WINDOWS\SYSTEM32\dhcpcsvc.DLL
0x00007ff9ff850000 - 0x00007ff9ff87a000 	C:\jdk-10.0.2\bin\javajpeg.dll

dbghelp: loaded successfully - version: 4.0.5 - missing functions: none
symbol engine: initialized successfully - sym options: 0x614 - pdb path: .;C:\jdk-10.0.2\bin;C:\WINDOWS\SYSTEM32;C:\WINDOWS\WinSxS\amd64_microsoft.windows.common-controls_6595b64144ccf1df_6.0.17763.253_none_05b2388e0721fece;C:\jdk-10.0.2\bin\server;C:\code\SplitScreen3DChaos;C:\Users\Dell\AppData\Local\Temp\lwjglDell\3.1.2-build-29;C:\Users\Dell\AppData\Local\Temp\jnigen\2496351936

VM Arguments:
jvm_args: -agentlib:jdwp=transport=dt_socket,suspend=y,address=localhost:65356 -javaagent:C:\Users\Dell\eclipse\java-photon\eclipse\configuration\org.eclipse.osgi\237\0\.cp\lib\javaagent-shaded.jar -Dfile.encoding=Cp1252 
java_command: com.scs.splitscreenchaos.ChaosMain
java_class_path (initial): C:\code\SplitScreen3DChaos\target\classes;C:\code\Blocky\target\classes;C:\Users\Dell\.m2\repository\org\jmonkeyengine\jme3-core\3.2.0-stable\jme3-core-3.2.0-stable.jar;C:\Users\Dell\.m2\repository\org\jmonkeyengine\jme3-desktop\3.2.0-stable\jme3-desktop-3.2.0-stable.jar;C:\Users\Dell\.m2\repository\org\jmonkeyengine\jme3-effects\3.2.0-stable\jme3-effects-3.2.0-stable.jar;C:\Users\Dell\.m2\repository\org\jmonkeyengine\jme3-lwjgl3\3.2.0-stable\jme3-lwjgl3-3.2.0-stable.jar;C:\Users\Dell\.m2\repository\org\lwjgl\lwjgl\3.1.2\lwjgl-3.1.2.jar;C:\Users\Dell\.m2\repository\org\lwjgl\lwjgl-glfw\3.1.2\lwjgl-glfw-3.1.2.jar;C:\Users\Dell\.m2\repository\org\lwjgl\lwjgl-jemalloc\3.1.2\lwjgl-jemalloc-3.1.2.jar;C:\Users\Dell\.m2\repository\org\lwjgl\lwjgl-openal\3.1.2\lwjgl-openal-3.1.2.jar;C:\Users\Dell\.m2\repository\org\lwjgl\lwjgl-opencl\3.1.2\lwjgl-opencl-3.1.2.jar;C:\Users\Dell\.m2\repository\org\lwjgl\lwjgl-opengl\3.1.2\lwjgl-opengl-3.1.2.jar;C:\Users\Dell\.m2\repository\org\lwjgl\lwjgl\3.1.2\lwjgl-3.1.2-natives-windows.jar;C:\Users\Dell\.m2\repository\org\lwjgl\lwjgl\3.1.2\lwjgl-3.1.2-natives-linux.jar;C:\Users\Dell\.m2\repository\org\lwjgl\lwjgl\3.1.2\lwjgl-3.1.2-natives-macos.jar;C:\Users\Dell\.m2\repository\org\lwjgl\lwjgl-glfw\3.1.2\lwjgl-glfw-3.1.2-natives-windows.jar;C:\Users\Dell\.m2\repository\org\lwjgl\lwjgl-glfw\3.1.2\lwjgl-glfw-3.1.2-natives-linux.jar;C:\Users\Dell\.m2\repository\org\lwjgl\lwjgl-glfw\3.1.2\lwjgl-glfw-3.1.2-natives-macos.jar;C:\Users\Dell\.m2\repository\org\lwjgl\lwjgl-jemalloc\3.1.2\lwjgl-jemalloc-3.1.2-natives-windows.jar;C:\Users\Dell\.m2\repository\org\lwjgl\lwjgl-jemalloc\3.1.2\lwjgl-jemalloc-3.1.2-natives-linux.jar;C:\Users\Dell\.m2\repository\org\lwjgl\lwjgl-jemalloc\3.1.2\lwjgl-jemalloc-3.1.2-natives-macos.jar;C:\Users\Dell\.m2\repository\org\lwjgl\lwjgl-opengl\3.1.2\lwjgl-opengl-3.1.2-natives-windows.jar;C:\Users\Dell\.m2\repository\org\lwjgl\lwjgl-opengl\3.1.2\lwjgl-opengl-3.1.2-natives-linux.jar;C:\Users\Del
Launcher Type: SUN_STANDARD

Logging:
Log output configuration:
#0: stdout all=warning uptime,level,tags
#1: stderr all=off uptime,level,tags

Environment Variables:
PATH=C:/jdk-10.0.2/bin/server;C:/jdk-10.0.2/bin;C:\Program Files\ImageMagick-7.0.8-Q16;C:\Program Files (x86)\Common Files\Oracle\Java\javapath;C:\WINDOWS\system32;C:\WINDOWS;C:\WINDOWS\System32\Wbem;C:\WINDOWS\System32\WindowsPowerShell\v1.0\;C:\WINDOWS\System32\OpenSSH\;C:\Program Files\TortoiseSVN\bin;C:\Users\Dell\AppData\Local\Microsoft\WindowsApps;;C:\Users\Dell\Desktop;
USERNAME=Dell
OS=Windows_NT
PROCESSOR_IDENTIFIER=Intel64 Family 6 Model 58 Stepping 9, GenuineIntel



---------------  S Y S T E M  ---------------

OS: Windows 10 , 64 bit Build 17763 (10.0.17763.1)

CPU:total 4 (initial active 4) (2 cores per cpu, 2 threads per core) family 6 model 58 stepping 9, cmov, cx8, fxsr, mmx, sse, sse2, sse3, ssse3, sse4.1, sse4.2, popcnt, avx, aes, clmul, erms, ht, tsc, tscinvbit, tscinv

Memory: 4k page, physical 8291392k(3843828k free), swap 10257472k(5144800k free)

vm_info: OpenJDK 64-Bit Server VM (10.0.2+13) for windows-amd64 JRE (10.0.2+13), built on Jun 28 2018 02:00:24 by "mach5one" with MS VC++ 12.0 (VS2013)

END.
